2022-08-18T14:12:52+00:00 INFO Array
(
    [Webhook Delivery] => Array
        (
            [Delivery ID] => 5eabf3f1a207f587a21cbcd7c26e3609
            [Date] => Aug 18, 2022 @ 14:12
            [URL] => https://oas.monkeydata.com/api/eshop/webhook/woocommerce/created/105775
            [Duration] => 1.05587
            [Request] => Array
                (
                    [Method] => POST
                    [Headers] => Array
                        (
                            [User-Agent] => WooCommerce/6.7.0 Hookshot (WordPress/6.0.1)
                            [Content-Type] => application/json
                            [X-WC-Webhook-Source] => https://magicmeat.in/
                            [X-WC-Webhook-Topic] => order.created
                            [X-WC-Webhook-Resource] => order
                            [X-WC-Webhook-Event] => created
                            [X-WC-Webhook-Signature] => SjOzIcuhEkSIC/UUBhvcu1H9zyQH8YFj2tK456rLi1M=
                            [X-WC-Webhook-ID] => 1
                            [X-WC-Webhook-Delivery-ID] => 5eabf3f1a207f587a21cbcd7c26e3609
                        )

                )

            [Body] => Webhook body is not logged unless WP_DEBUG mode is turned on. This is to avoid the storing of personal data in the logs.
            [Response] => Array
                (
                    [Code] => 200
                    [Message] => OK
                    [Headers] => Requests_Utility_CaseInsensitiveDictionary Object
                        (
                            [data:protected] => Array
                                (
                                    [content-type] => application/json
                                    [vary] => Accept-Encoding
                                    [cache-control] => no-cache, private
                                    [date] => Thu, 18 Aug 2022 14:12:52 GMT
                                    [content-encoding] => gzip
                                    [x-envoy-upstream-service-time] => 58
                                    [content-security-policy] => default-src https:
                                    [referrer-policy] => no-referrer-when-downgrade
                                    [strict-transport-security] => max-age=31536000
                                    [x-backend-service] => all
                                    [x-content-type-options] => nosniff
                                    [x-robots-tag] => noindex
                                    [x-xss-protection] => 1; mode=block
                                    [server] => istio-envoy
                                )

                        )

                    [Body] => Webhook body is not logged unless WP_DEBUG mode is turned on. This is to avoid the storing of personal data in the logs.
                )

        )

)

2022-08-18T14:12:52+00:00 INFO Array
(
    [Webhook Delivery] => Array
        (
            [Delivery ID] => e38af301d0368d5c40879fbbe6b2906d
            [Date] => Aug 18, 2022 @ 14:12
            [URL] => https://oas.monkeydata.com/api/eshop/webhook/woocommerce/updated/105775
            [Duration] => 0.12093
            [Request] => Array
                (
                    [Method] => POST
                    [Headers] => Array
                        (
                            [User-Agent] => WooCommerce/6.7.0 Hookshot (WordPress/6.0.1)
                            [Content-Type] => application/json
                            [X-WC-Webhook-Source] => https://magicmeat.in/
                            [X-WC-Webhook-Topic] => order.updated
                            [X-WC-Webhook-Resource] => order
                            [X-WC-Webhook-Event] => updated
                            [X-WC-Webhook-Signature] => SjOzIcuhEkSIC/UUBhvcu1H9zyQH8YFj2tK456rLi1M=
                            [X-WC-Webhook-ID] => 2
                            [X-WC-Webhook-Delivery-ID] => e38af301d0368d5c40879fbbe6b2906d
                        )

                )

            [Body] => Webhook body is not logged unless WP_DEBUG mode is turned on. This is to avoid the storing of personal data in the logs.
            [Response] => Array
                (
                    [Code] => 200
                    [Message] => OK
                    [Headers] => Requests_Utility_CaseInsensitiveDictionary Object
                        (
                            [data:protected] => Array
                                (
                                    [content-type] => application/json
                                    [vary] => Accept-Encoding
                                    [cache-control] => no-cache, private
                                    [date] => Thu, 18 Aug 2022 14:12:52 GMT
                                    [content-encoding] => gzip
                                    [x-envoy-upstream-service-time] => 59
                                    [content-security-policy] => default-src https:
                                    [referrer-policy] => no-referrer-when-downgrade
                                    [strict-transport-security] => max-age=31536000
                                    [x-backend-service] => all
                                    [x-content-type-options] => nosniff
                                    [x-robots-tag] => noindex
                                    [x-xss-protection] => 1; mode=block
                                    [server] => istio-envoy
                                )

                        )

                    [Body] => Webhook body is not logged unless WP_DEBUG mode is turned on. This is to avoid the storing of personal data in the logs.
                )

        )

)

